[2026-02-03T07:59:35.627Z] GET /api/faculty/notifications
[2026-02-03T07:59:35.650Z] GET /api/faculty/courses
[2026-02-03T07:59:35.752Z] GET /api/faculty/courses
[2026-02-03T07:59:35.760Z] GET /api/faculty/notifications
[2026-02-03T07:59:35.828Z] GET /api/faculty/courses/6965355408cc21e47dec1092/students
[2026-02-03T07:59:35.913Z] GET /api/faculty/attendance?courseId=6965355408cc21e47dec1092&date=2026-02-03
[2026-02-03T07:59:35.963Z] GET /api/faculty/courses/6965355408cc21e47dec1092/history
[2026-02-03T07:59:40.840Z] GET /api/faculty/courses/6965355408cc21e47dec1092/students
[2026-02-03T07:59:40.876Z] GET /api/faculty/attendance?courseId=6965355408cc21e47dec1092&date=2026-02-03
[2026-02-03T07:59:40.906Z] GET /api/faculty/courses/6965355408cc21e47dec1092/history
[2026-02-03T07:59:46.266Z] GET /api/faculty/courses/6965355408cc21e47dec1092/students
[2026-02-03T07:59:46.298Z] GET /api/faculty/attendance?courseId=6965355408cc21e47dec1092&date=2026-02-03
[2026-02-03T07:59:46.378Z] GET /api/faculty/courses/6965355408cc21e47dec1092/history
[2026-02-03T07:59:51.274Z] GET /api/faculty/courses/6965355408cc21e47dec1092/students
[2026-02-03T07:59:51.316Z] GET /api/faculty/attendance?courseId=6965355408cc21e47dec1092&date=2026-02-03
[2026-02-03T07:59:51.378Z] GET /api/faculty/courses/6965355408cc21e47dec1092/history
[2026-02-03T07:59:56.252Z] GET /api/faculty/courses/6965355408cc21e47dec1092/students
[2026-02-03T07:59:56.286Z] GET /api/faculty/attendance?courseId=6965355408cc21e47dec1092&date=2026-02-03
[2026-02-03T07:59:56.361Z] GET /api/faculty/courses/6965355408cc21e47dec1092/history
[2026-02-03T08:00:01.259Z] GET /api/faculty/courses/6965355408cc21e47dec1092/students
[2026-02-03T08:00:01.305Z] GET /api/faculty/attendance?courseId=6965355408cc21e47dec1092&date=2026-02-03
[2026-02-03T08:00:01.383Z] GET /api/faculty/courses/6965355408cc21e47dec1092/history
[2026-02-03T08:00:06.264Z] GET /api/faculty/courses/6965355408cc21e47dec1092/students
[2026-02-03T08:00:06.301Z] GET /api/faculty/attendance?courseId=6965355408cc21e47dec1092&date=2026-02-03
[2026-02-03T08:00:06.369Z] GET /api/faculty/courses/6965355408cc21e47dec1092/history
[2026-02-03T08:00:11.265Z] GET /api/faculty/courses/6965355408cc21e47dec1092/students
[2026-02-03T08:00:11.305Z] GET /api/faculty/attendance?courseId=6965355408cc21e47dec1092&date=2026-02-03
[2026-02-03T08:00:11.378Z] GET /api/faculty/courses/6965355408cc21e47dec1092/history
[2026-02-03T08:00:16.266Z] GET /api/faculty/courses/6965355408cc21e47dec1092/students
[2026-02-03T08:00:16.296Z] GET /api/faculty/attendance?courseId=6965355408cc21e47dec1092&date=2026-02-03
[2026-02-03T08:00:16.375Z] GET /api/faculty/courses/6965355408cc21e47dec1092/history
[2026-02-03T08:00:21.253Z] GET /api/faculty/courses/6965355408cc21e47dec1092/students
[2026-02-03T08:00:21.292Z] GET /api/faculty/attendance?courseId=6965355408cc21e47dec1092&date=2026-02-03
[2026-02-03T08:00:21.363Z] GET /api/faculty/courses/6965355408cc21e47dec1092/history
[2026-02-03T08:00:26.266Z] GET /api/faculty/courses/6965355408cc21e47dec1092/students
[2026-02-03T08:00:26.307Z] GET /api/faculty/attendance?courseId=6965355408cc21e47dec1092&date=2026-02-03
[2026-02-03T08:00:26.377Z] GET /api/faculty/courses/6965355408cc21e47dec1092/history
[2026-02-03T08:00:31.263Z] GET /api/faculty/courses/6965355408cc21e47dec1092/students
[2026-02-03T08:00:31.297Z] GET /api/faculty/attendance?courseId=6965355408cc21e47dec1092&date=2026-02-03
[2026-02-03T08:00:31.375Z] GET /api/faculty/courses/6965355408cc21e47dec1092/history
[2026-02-03T08:00:36.226Z] GET /api/faculty/courses/6965355408cc21e47dec1092/students
[2026-02-03T08:00:36.341Z] GET /api/faculty/attendance?courseId=6965355408cc21e47dec1092&date=2026-02-03
[2026-02-03T08:00:36.402Z] GET /api/faculty/courses/6965355408cc21e47dec1092/history
[2026-02-03T08:00:38.503Z] GET /api/faculty/notifications
[2026-02-03T08:00:38.507Z] GET /api/faculty/courses
[2026-02-03T08:00:38.553Z] GET /api/faculty/notifications
[2026-02-03T08:00:38.559Z] GET /api/faculty/courses
[2026-02-03T08:00:46.542Z] GET /api/faculty/notifications
[2026-02-03T08:00:46.548Z] GET /api/faculty/courses
[2026-02-03T08:00:46.582Z] GET /api/faculty/notifications
[2026-02-03T08:00:46.586Z] GET /api/faculty/courses
[2026-02-03T08:00:48.918Z] GET /api/faculty/courses/696a1868f3231f11640d2e63/students
[2026-02-03T08:00:48.924Z] GET /api/faculty/courses/696a1868f3231f11640d2e63/stats
[2026-02-03T08:00:54.484Z] GET /api/faculty/notifications
[2026-02-03T08:00:54.489Z] GET /api/faculty/dashboard-stats
[2026-02-03T08:00:54.531Z] GET /api/faculty/notifications
[2026-02-03T08:00:54.658Z] GET /api/faculty/dashboard-stats
[2026-02-03T08:00:56.436Z] GET /api/faculty/notifications
[2026-02-03T08:00:56.443Z] GET /api/faculty/courses
[2026-02-03T08:00:56.555Z] GET /api/faculty/courses
[2026-02-03T08:00:56.583Z] GET /api/faculty/notifications
[2026-02-03T08:00:56.671Z] GET /api/faculty/courses/6965355408cc21e47dec1092/students
[2026-02-03T08:00:56.741Z] GET /api/faculty/attendance?courseId=6965355408cc21e47dec1092&date=2026-02-03
[2026-02-03T08:00:56.908Z] GET /api/faculty/courses/6965355408cc21e47dec1092/history
[2026-02-03T08:01:02.269Z] GET /api/faculty/courses/6965355408cc21e47dec1092/students
[2026-02-03T08:01:02.344Z] GET /api/faculty/attendance?courseId=6965355408cc21e47dec1092&date=2026-02-03
[2026-02-03T08:01:02.487Z] GET /api/faculty/courses/6965355408cc21e47dec1092/history
[2026-02-03T08:01:07.262Z] GET /api/faculty/courses/6965355408cc21e47dec1092/students
[2026-02-03T08:01:07.286Z] GET /api/faculty/attendance?courseId=6965355408cc21e47dec1092&date=2026-02-03
[2026-02-03T08:01:07.352Z] GET /api/faculty/courses/6965355408cc21e47dec1092/history
[2026-02-03T08:01:12.267Z] GET /api/faculty/courses/6965355408cc21e47dec1092/students
[2026-02-03T08:01:12.320Z] GET /api/faculty/attendance?courseId=6965355408cc21e47dec1092&date=2026-02-03
[2026-02-03T08:01:12.396Z] GET /api/faculty/courses/6965355408cc21e47dec1092/history
[2026-02-03T08:01:17.261Z] GET /api/faculty/courses/6965355408cc21e47dec1092/students
[2026-02-03T08:01:17.297Z] GET /api/faculty/attendance?courseId=6965355408cc21e47dec1092&date=2026-02-03
[2026-02-03T08:01:17.384Z] GET /api/faculty/courses/6965355408cc21e47dec1092/history
[2026-02-03T08:01:22.265Z] GET /api/faculty/courses/6965355408cc21e47dec1092/students
[2026-02-03T08:01:22.302Z] GET /api/faculty/attendance?courseId=6965355408cc21e47dec1092&date=2026-02-03
[2026-02-03T08:01:22.391Z] GET /api/faculty/courses/6965355408cc21e47dec1092/history
[2026-02-03T08:01:27.266Z] GET /api/faculty/courses/6965355408cc21e47dec1092/students
[2026-02-03T08:01:27.318Z] GET /api/faculty/attendance?courseId=6965355408cc21e47dec1092&date=2026-02-03
[2026-02-03T08:01:27.385Z] GET /api/faculty/courses/6965355408cc21e47dec1092/history
[2026-02-03T08:01:31.675Z] GET /api/faculty/courses/6965355408cc21e47dec1092/students
[2026-02-03T08:01:31.704Z] GET /api/faculty/attendance?courseId=6965355408cc21e47dec1092&date=2026-02-03
[2026-02-03T08:01:31.736Z] GET /api/faculty/courses/6965355408cc21e47dec1092/history
[2026-02-03T08:01:36.688Z] GET /api/faculty/courses/6965355408cc21e47dec1092/students
[2026-02-03T08:01:36.767Z] GET /api/faculty/attendance?courseId=6965355408cc21e47dec1092&date=2026-02-03
[2026-02-03T08:01:36.837Z] GET /api/faculty/courses/6965355408cc21e47dec1092/history
[2026-02-03T08:01:39.241Z] POST /api/chatbot
[2026-02-03T08:01:41.682Z] GET /api/faculty/courses/6965355408cc21e47dec1092/students
[2026-02-03T08:01:41.747Z] GET /api/faculty/attendance?courseId=6965355408cc21e47dec1092&date=2026-02-03
[2026-02-03T08:01:41.811Z] GET /api/faculty/courses/6965355408cc21e47dec1092/history
[2026-02-03T08:01:47.262Z] GET /api/faculty/courses/6965355408cc21e47dec1092/students
[2026-02-03T08:01:47.309Z] GET /api/faculty/attendance?courseId=6965355408cc21e47dec1092&date=2026-02-03
[2026-02-03T08:01:47.443Z] GET /api/faculty/courses/6965355408cc21e47dec1092/history
[2026-02-03T08:01:52.262Z] GET /api/faculty/courses/6965355408cc21e47dec1092/students
[2026-02-03T08:01:52.298Z] GET /api/faculty/attendance?courseId=6965355408cc21e47dec1092&date=2026-02-03
[2026-02-03T08:01:52.378Z] GET /api/faculty/courses/6965355408cc21e47dec1092/history
[2026-02-03T08:01:57.261Z] GET /api/faculty/courses/6965355408cc21e47dec1092/students
[2026-02-03T08:01:57.289Z] GET /api/faculty/attendance?courseId=6965355408cc21e47dec1092&date=2026-02-03
[2026-02-03T08:01:57.357Z] GET /api/faculty/courses/6965355408cc21e47dec1092/history
[2026-02-03T08:02:02.362Z] GET /api/faculty/courses/6965355408cc21e47dec1092/students
[2026-02-03T08:02:02.479Z] GET /api/faculty/attendance?courseId=6965355408cc21e47dec1092&date=2026-02-03
[2026-02-03T08:02:02.655Z] GET /api/faculty/courses/6965355408cc21e47dec1092/history
[2026-02-03T08:02:07.253Z] GET /api/faculty/courses/6965355408cc21e47dec1092/students
[2026-02-03T08:02:07.282Z] GET /api/faculty/attendance?courseId=6965355408cc21e47dec1092&date=2026-02-03
[2026-02-03T08:02:07.358Z] GET /api/faculty/courses/6965355408cc21e47dec1092/history
[2026-02-03T08:02:11.691Z] GET /api/faculty/courses/6965355408cc21e47dec1092/students
[2026-02-03T08:02:11.812Z] GET /api/faculty/attendance?courseId=6965355408cc21e47dec1092&date=2026-02-03
[2026-02-03T08:02:11.913Z] GET /api/faculty/courses/6965355408cc21e47dec1092/history
[2026-02-03T08:02:15.946Z] GET /api/faculty/notifications
[2026-02-03T08:02:15.997Z] GET /api/chat/conversations
[2026-02-03T08:02:16.005Z] GET /api/chat/recommended
[2026-02-03T08:02:16.105Z] GET /api/faculty/notifications
[2026-02-03T08:02:16.114Z] GET /api/chat/recommended
[2026-02-03T08:02:16.137Z] GET /api/chat/conversations
[2026-02-03T08:02:17.263Z] GET /api/chat/69653936bb370ac9be315db3
[2026-02-03T08:02:17.325Z] GET /api/chat/conversations
[2026-02-03T08:02:17.329Z] GET /api/chat/recommended
[2026-02-03T08:02:21.125Z] GET /api/chat/conversations
[2026-02-03T08:02:26.287Z] GET /api/student/notifications
[2026-02-03T08:02:26.292Z] GET /api/chat/conversations
[2026-02-03T08:02:26.298Z] GET /api/chat/recommended
[2026-02-03T08:02:26.428Z] GET /api/chat/recommended
[2026-02-03T08:02:26.494Z] GET /api/student/notifications
[2026-02-03T08:02:26.511Z] GET /api/chat/conversations
[2026-02-03T08:02:27.300Z] GET /api/student/notifications
[2026-02-03T08:02:27.321Z] GET /api/student/profile
[2026-02-03T08:02:27.352Z] GET /api/student/notifications
[2026-02-03T08:02:27.369Z] GET /api/student/profile
[2026-02-03T08:02:27.408Z] GET /api/timetable
[2026-02-03T08:02:27.456Z] GET /api/timetable
[2026-02-03T08:02:28.260Z] GET /api/student/notifications
[2026-02-03T08:02:28.270Z] GET /api/chat/conversations
[2026-02-03T08:02:28.274Z] GET /api/chat/recommended
[2026-02-03T08:02:28.346Z] GET /api/chat/recommended
[2026-02-03T08:02:28.428Z] GET /api/student/notifications
[2026-02-03T08:02:28.461Z] GET /api/chat/conversations
[2026-02-03T08:02:29.351Z] GET /api/chat/6965397bbb370ac9be315dd4
[2026-02-03T08:02:29.381Z] GET /api/chat/conversations
[2026-02-03T08:02:29.386Z] GET /api/chat/recommended
[2026-02-03T08:02:35.829Z] GET /api/student/notifications
[2026-02-03T08:02:35.840Z] GET /api/student/dashboard-stats
[2026-02-03T08:02:35.922Z] GET /api/student/notifications
[2026-02-03T08:02:36.123Z] GET /api/student/dashboard-stats
[2026-02-03T08:03:23.523Z] POST /api/chatbot
[2026-02-03T08:03:53.117Z] GET /api/student/notifications
[2026-02-03T08:03:53.127Z] GET /api/student/attendance
[2026-02-03T08:03:53.252Z] GET /api/student/notifications
[2026-02-03T08:03:54.182Z] GET /api/student/attendance
[2026-02-03T08:04:13.266Z] POST /api/chatbot
[2026-02-03T08:04:36.363Z] POST /api/chatbot
[2026-02-03T08:04:47.799Z] GET /api/student/notifications
[2026-02-03T08:04:47.804Z] GET /api/student/dashboard-stats
[2026-02-03T08:04:47.869Z] GET /api/student/notifications
[2026-02-03T08:04:48.038Z] GET /api/student/dashboard-stats
